<unk>
<s>
</s>
(
)
Move
Grasp
Find
person
Side_Table
Living_Sofa
Reception_Table
Dining_Sofa
Dining_Table
Kitchen_Table
Sofa
Living_Table
Bar
apartment
HERE
Place
kitchen
Living_Room
Dustbin
Kitchen_Room
Corridor
Visitor_Room
lobby
bed_room
Dining_Room
Follow
salt
Cup_Noodle
toy_duck
Cloth_Cleaner
Cup_Star
empty_ketchup
Blue_Potato
Plcae
toy_car
Stick_Potato
Orange_Juice
sauce
sugar
Dish_Cleaner
Brown_Tea
cigarette
filled_plastic_bottle
tumbler
rabbit_doll
Japanese_Tea
white_cup
hourglass
Strawberry_Juice
rubik's_cube
Japanese_Dressing
pink_cup
canned_juice
nursing_bottle
Bleach
bear_doll
filled_ketchup
twin_bell_alarm_clock
Bath_Cleaner
pesron
spray_bottle
toy_penguin
bell_pepper
ground_pepper
soysauce
Korean_Soup
Lemon_Tea
Onion_Dressing
Long_Potato
dog_doll
Egg_Soup
Red_Potato
Chip_Star
cubic_clock
Seafood_Noodle
camera
empty_plastic_bottle
Red_Tea
apple
Green_Tea
Say
Listen
PERSON
